ARM GAS  C:\Users\ADMINI~1\AppData\Local\Temp\cciGz8nR.s 			page 1


   1              		.cpu cortex-m3
   2              		.eabi_attribute 20, 1
   3              		.eabi_attribute 21, 1
   4              		.eabi_attribute 23, 3
   5              		.eabi_attribute 24, 1
   6              		.eabi_attribute 25, 1
   7              		.eabi_attribute 26, 1
   8              		.eabi_attribute 30, 1
   9              		.eabi_attribute 34, 1
  10              		.eabi_attribute 18, 4
  11              		.file	"gpio.c"
  12              		.text
  13              	.Ltext0:
  14              		.cfi_sections	.debug_frame
  15              		.section	.text.MX_GPIO_Init,"ax",%progbits
  16              		.align	1
  17              		.global	MX_GPIO_Init
  18              		.arch armv7-m
  19              		.syntax unified
  20              		.thumb
  21              		.thumb_func
  22              		.fpu softvfp
  24              	MX_GPIO_Init:
  25              	.LFB65:
  26              		.file 1 "Core/Src/gpio.c"
   1:Core/Src/gpio.c **** /**
   2:Core/Src/gpio.c ****   ******************************************************************************
   3:Core/Src/gpio.c ****   * File Name          : gpio.c
   4:Core/Src/gpio.c ****   * Description        : This file provides code for the configuration
   5:Core/Src/gpio.c ****   *                      of all used GPIO pins.
   6:Core/Src/gpio.c ****   ******************************************************************************
   7:Core/Src/gpio.c ****   * @attention
   8:Core/Src/gpio.c ****   *
   9:Core/Src/gpio.c ****   * <h2><center>&copy; Copyright (c) 2020 STMicroelectronics.
  10:Core/Src/gpio.c ****   * All rights reserved.</center></h2>
  11:Core/Src/gpio.c ****   *
  12:Core/Src/gpio.c ****   * This software component is licensed by ST under BSD 3-Clause license,
  13:Core/Src/gpio.c ****   * the "License"; You may not use this file except in compliance with the
  14:Core/Src/gpio.c ****   * License. You may obtain a copy of the License at:
  15:Core/Src/gpio.c ****   *                        opensource.org/licenses/BSD-3-Clause
  16:Core/Src/gpio.c ****   *
  17:Core/Src/gpio.c ****   ******************************************************************************
  18:Core/Src/gpio.c ****   */
  19:Core/Src/gpio.c **** 
  20:Core/Src/gpio.c **** /* Includes ------------------------------------------------------------------*/
  21:Core/Src/gpio.c **** #include "gpio.h"
  22:Core/Src/gpio.c **** /* USER CODE BEGIN 0 */
  23:Core/Src/gpio.c **** 
  24:Core/Src/gpio.c **** /* USER CODE END 0 */
  25:Core/Src/gpio.c **** 
  26:Core/Src/gpio.c **** /*----------------------------------------------------------------------------*/
  27:Core/Src/gpio.c **** /* Configure GPIO                                                             */
  28:Core/Src/gpio.c **** /*----------------------------------------------------------------------------*/
  29:Core/Src/gpio.c **** /* USER CODE BEGIN 1 */
  30:Core/Src/gpio.c **** 
  31:Core/Src/gpio.c **** /* USER CODE END 1 */
  32:Core/Src/gpio.c **** 
ARM GAS  C:\Users\ADMINI~1\AppData\Local\Temp\cciGz8nR.s 			page 2


  33:Core/Src/gpio.c **** /** Configure pins
  34:Core/Src/gpio.c ****      PA9   ------> USART1_TX
  35:Core/Src/gpio.c ****      PA10   ------> USART1_RX
  36:Core/Src/gpio.c **** */
  37:Core/Src/gpio.c **** void MX_GPIO_Init(void)
  38:Core/Src/gpio.c **** {
  27              		.loc 1 38 1 view -0
  28              		.cfi_startproc
  29              		@ args = 0, pretend = 0, frame = 32
  30              		@ frame_needed = 0, uses_anonymous_args = 0
  31 0000 F0B5     		push	{r4, r5, r6, r7, lr}
  32              	.LCFI0:
  33              		.cfi_def_cfa_offset 20
  34              		.cfi_offset 4, -20
  35              		.cfi_offset 5, -16
  36              		.cfi_offset 6, -12
  37              		.cfi_offset 7, -8
  38              		.cfi_offset 14, -4
  39 0002 89B0     		sub	sp, sp, #36
  40              	.LCFI1:
  41              		.cfi_def_cfa_offset 56
  39:Core/Src/gpio.c **** 
  40:Core/Src/gpio.c ****   GPIO_InitTypeDef GPIO_InitStruct = {0};
  42              		.loc 1 40 3 view .LVU1
  43              		.loc 1 40 20 is_stmt 0 view .LVU2
  44 0004 0024     		movs	r4, #0
  45 0006 0494     		str	r4, [sp, #16]
  46 0008 0594     		str	r4, [sp, #20]
  47 000a 0694     		str	r4, [sp, #24]
  48 000c 0794     		str	r4, [sp, #28]
  41:Core/Src/gpio.c **** 
  42:Core/Src/gpio.c ****   /* GPIO Ports Clock Enable */
  43:Core/Src/gpio.c ****   __HAL_RCC_GPIOB_CLK_ENABLE();
  49              		.loc 1 43 3 is_stmt 1 view .LVU3
  50              	.LBB2:
  51              		.loc 1 43 3 view .LVU4
  52              		.loc 1 43 3 view .LVU5
  53 000e 264B     		ldr	r3, .L3
  54 0010 9A69     		ldr	r2, [r3, #24]
  55 0012 42F00802 		orr	r2, r2, #8
  56 0016 9A61     		str	r2, [r3, #24]
  57              		.loc 1 43 3 view .LVU6
  58 0018 9A69     		ldr	r2, [r3, #24]
  59 001a 02F00802 		and	r2, r2, #8
  60 001e 0192     		str	r2, [sp, #4]
  61              		.loc 1 43 3 view .LVU7
  62 0020 019A     		ldr	r2, [sp, #4]
  63              	.LBE2:
  64              		.loc 1 43 3 view .LVU8
  44:Core/Src/gpio.c ****   __HAL_RCC_GPIOC_CLK_ENABLE();
  65              		.loc 1 44 3 view .LVU9
  66              	.LBB3:
  67              		.loc 1 44 3 view .LVU10
  68              		.loc 1 44 3 view .LVU11
  69 0022 9A69     		ldr	r2, [r3, #24]
  70 0024 42F01002 		orr	r2, r2, #16
  71 0028 9A61     		str	r2, [r3, #24]
ARM GAS  C:\Users\ADMINI~1\AppData\Local\Temp\cciGz8nR.s 			page 3


  72              		.loc 1 44 3 view .LVU12
  73 002a 9A69     		ldr	r2, [r3, #24]
  74 002c 02F01002 		and	r2, r2, #16
  75 0030 0292     		str	r2, [sp, #8]
  76              		.loc 1 44 3 view .LVU13
  77 0032 029A     		ldr	r2, [sp, #8]
  78              	.LBE3:
  79              		.loc 1 44 3 view .LVU14
  45:Core/Src/gpio.c ****   __HAL_RCC_GPIOA_CLK_ENABLE();
  80              		.loc 1 45 3 view .LVU15
  81              	.LBB4:
  82              		.loc 1 45 3 view .LVU16
  83              		.loc 1 45 3 view .LVU17
  84 0034 9A69     		ldr	r2, [r3, #24]
  85 0036 42F00402 		orr	r2, r2, #4
  86 003a 9A61     		str	r2, [r3, #24]
  87              		.loc 1 45 3 view .LVU18
  88 003c 9B69     		ldr	r3, [r3, #24]
  89 003e 03F00403 		and	r3, r3, #4
  90 0042 0393     		str	r3, [sp, #12]
  91              		.loc 1 45 3 view .LVU19
  92 0044 039B     		ldr	r3, [sp, #12]
  93              	.LBE4:
  94              		.loc 1 45 3 view .LVU20
  46:Core/Src/gpio.c **** 
  47:Core/Src/gpio.c ****   /*Configure GPIO pin Output Level */
  48:Core/Src/gpio.c ****   HAL_GPIO_WritePin(GPIOC, GPIO_PIN_8, GPIO_PIN_RESET);
  95              		.loc 1 48 3 view .LVU21
  96 0046 194F     		ldr	r7, .L3+4
  97 0048 2246     		mov	r2, r4
  98 004a 4FF48071 		mov	r1, #256
  99 004e 3846     		mov	r0, r7
 100 0050 FFF7FEFF 		bl	HAL_GPIO_WritePin
 101              	.LVL0:
  49:Core/Src/gpio.c **** 
  50:Core/Src/gpio.c ****   /*Configure GPIO pin : PB10 */
  51:Core/Src/gpio.c ****   GPIO_InitStruct.Pin = GPIO_PIN_10;
 102              		.loc 1 51 3 view .LVU22
 103              		.loc 1 51 23 is_stmt 0 view .LVU23
 104 0054 4FF48066 		mov	r6, #1024
 105 0058 0496     		str	r6, [sp, #16]
  52:Core/Src/gpio.c ****   GPIO_InitStruct.Mode = GPIO_MODE_INPUT;
 106              		.loc 1 52 3 is_stmt 1 view .LVU24
 107              		.loc 1 52 24 is_stmt 0 view .LVU25
 108 005a 0594     		str	r4, [sp, #20]
  53:Core/Src/gpio.c ****   GPIO_InitStruct.Pull = GPIO_NOPULL;
 109              		.loc 1 53 3 is_stmt 1 view .LVU26
 110              		.loc 1 53 24 is_stmt 0 view .LVU27
 111 005c 0694     		str	r4, [sp, #24]
  54:Core/Src/gpio.c ****   HAL_GPIO_Init(GPIOB, &GPIO_InitStruct);
 112              		.loc 1 54 3 is_stmt 1 view .LVU28
 113 005e 04A9     		add	r1, sp, #16
 114 0060 1348     		ldr	r0, .L3+8
 115 0062 FFF7FEFF 		bl	HAL_GPIO_Init
 116              	.LVL1:
  55:Core/Src/gpio.c **** 
  56:Core/Src/gpio.c ****   /*Configure GPIO pin : PC8 */
ARM GAS  C:\Users\ADMINI~1\AppData\Local\Temp\cciGz8nR.s 			page 4


  57:Core/Src/gpio.c ****   GPIO_InitStruct.Pin = GPIO_PIN_8;
 117              		.loc 1 57 3 view .LVU29
 118              		.loc 1 57 23 is_stmt 0 view .LVU30
 119 0066 4FF48073 		mov	r3, #256
 120 006a 0493     		str	r3, [sp, #16]
  58:Core/Src/gpio.c ****   GPIO_InitStruct.Mode = GPIO_MODE_OUTPUT_PP;
 121              		.loc 1 58 3 is_stmt 1 view .LVU31
 122              		.loc 1 58 24 is_stmt 0 view .LVU32
 123 006c 0123     		movs	r3, #1
 124 006e 0593     		str	r3, [sp, #20]
  59:Core/Src/gpio.c ****   GPIO_InitStruct.Pull = GPIO_NOPULL;
 125              		.loc 1 59 3 is_stmt 1 view .LVU33
 126              		.loc 1 59 24 is_stmt 0 view .LVU34
 127 0070 0694     		str	r4, [sp, #24]
  60:Core/Src/gpio.c ****   GPIO_InitStruct.Speed = GPIO_SPEED_FREQ_LOW;
 128              		.loc 1 60 3 is_stmt 1 view .LVU35
 129              		.loc 1 60 25 is_stmt 0 view .LVU36
 130 0072 0225     		movs	r5, #2
 131 0074 0795     		str	r5, [sp, #28]
  61:Core/Src/gpio.c ****   HAL_GPIO_Init(GPIOC, &GPIO_InitStruct);
 132              		.loc 1 61 3 is_stmt 1 view .LVU37
 133 0076 04A9     		add	r1, sp, #16
 134 0078 3846     		mov	r0, r7
 135 007a FFF7FEFF 		bl	HAL_GPIO_Init
 136              	.LVL2:
  62:Core/Src/gpio.c **** 
  63:Core/Src/gpio.c ****   /*Configure GPIO pin : PA9 */
  64:Core/Src/gpio.c ****   GPIO_InitStruct.Pin = GPIO_PIN_9;
 137              		.loc 1 64 3 view .LVU38
 138              		.loc 1 64 23 is_stmt 0 view .LVU39
 139 007e 4FF40073 		mov	r3, #512
 140 0082 0493     		str	r3, [sp, #16]
  65:Core/Src/gpio.c ****   GPIO_InitStruct.Mode = GPIO_MODE_AF_PP;
 141              		.loc 1 65 3 is_stmt 1 view .LVU40
 142              		.loc 1 65 24 is_stmt 0 view .LVU41
 143 0084 0595     		str	r5, [sp, #20]
  66:Core/Src/gpio.c ****   GPIO_InitStruct.Speed = GPIO_SPEED_FREQ_HIGH;
 144              		.loc 1 66 3 is_stmt 1 view .LVU42
 145              		.loc 1 66 25 is_stmt 0 view .LVU43
 146 0086 0323     		movs	r3, #3
 147 0088 0793     		str	r3, [sp, #28]
  67:Core/Src/gpio.c ****   HAL_GPIO_Init(GPIOA, &GPIO_InitStruct);
 148              		.loc 1 67 3 is_stmt 1 view .LVU44
 149 008a 0A4D     		ldr	r5, .L3+12
 150 008c 04A9     		add	r1, sp, #16
 151 008e 2846     		mov	r0, r5
 152 0090 FFF7FEFF 		bl	HAL_GPIO_Init
 153              	.LVL3:
  68:Core/Src/gpio.c **** 
  69:Core/Src/gpio.c ****   /*Configure GPIO pin : PA10 */
  70:Core/Src/gpio.c ****   GPIO_InitStruct.Pin = GPIO_PIN_10;
 154              		.loc 1 70 3 view .LVU45
 155              		.loc 1 70 23 is_stmt 0 view .LVU46
 156 0094 0496     		str	r6, [sp, #16]
  71:Core/Src/gpio.c ****   GPIO_InitStruct.Mode = GPIO_MODE_INPUT;
 157              		.loc 1 71 3 is_stmt 1 view .LVU47
 158              		.loc 1 71 24 is_stmt 0 view .LVU48
ARM GAS  C:\Users\ADMINI~1\AppData\Local\Temp\cciGz8nR.s 			page 5


 159 0096 0594     		str	r4, [sp, #20]
  72:Core/Src/gpio.c ****   GPIO_InitStruct.Pull = GPIO_NOPULL;
 160              		.loc 1 72 3 is_stmt 1 view .LVU49
 161              		.loc 1 72 24 is_stmt 0 view .LVU50
 162 0098 0694     		str	r4, [sp, #24]
  73:Core/Src/gpio.c ****   HAL_GPIO_Init(GPIOA, &GPIO_InitStruct);
 163              		.loc 1 73 3 is_stmt 1 view .LVU51
 164 009a 04A9     		add	r1, sp, #16
 165 009c 2846     		mov	r0, r5
 166 009e FFF7FEFF 		bl	HAL_GPIO_Init
 167              	.LVL4:
  74:Core/Src/gpio.c **** 
  75:Core/Src/gpio.c **** }
 168              		.loc 1 75 1 is_stmt 0 view .LVU52
 169 00a2 09B0     		add	sp, sp, #36
 170              	.LCFI2:
 171              		.cfi_def_cfa_offset 20
 172              		@ sp needed
 173 00a4 F0BD     		pop	{r4, r5, r6, r7, pc}
 174              	.L4:
 175 00a6 00BF     		.align	2
 176              	.L3:
 177 00a8 00100240 		.word	1073876992
 178 00ac 00100140 		.word	1073811456
 179 00b0 000C0140 		.word	1073810432
 180 00b4 00080140 		.word	1073809408
 181              		.cfi_endproc
 182              	.LFE65:
 184              		.text
 185              	.Letext0:
 186              		.file 2 "c:\\users\\administrator\\.vscode\\extensions\\buzzyelectronics.stm-helper-1.2.9\\armgcc\
 187              		.file 3 "c:\\users\\administrator\\.vscode\\extensions\\buzzyelectronics.stm-helper-1.2.9\\armgcc\
 188              		.file 4 "Drivers/CMSIS/Include/core_cm3.h"
 189              		.file 5 "Drivers/CMSIS/Device/ST/STM32F1xx/Include/system_stm32f1xx.h"
 190              		.file 6 "Drivers/CMSIS/Device/ST/STM32F1xx/Include/stm32f103xe.h"
 191              		.file 7 "Drivers/STM32F1xx_HAL_Driver/Inc/stm32f1xx_hal_gpio.h"
 192              		.file 8 "Drivers/STM32F1xx_HAL_Driver/Inc/stm32f1xx_hal.h"
ARM GAS  C:\Users\ADMINI~1\AppData\Local\Temp\cciGz8nR.s 			page 6


DEFINED SYMBOLS
                            *ABS*:0000000000000000 gpio.c
C:\Users\ADMINI~1\AppData\Local\Temp\cciGz8nR.s:16     .text.MX_GPIO_Init:0000000000000000 $t
C:\Users\ADMINI~1\AppData\Local\Temp\cciGz8nR.s:24     .text.MX_GPIO_Init:0000000000000000 MX_GPIO_Init
C:\Users\ADMINI~1\AppData\Local\Temp\cciGz8nR.s:177    .text.MX_GPIO_Init:00000000000000a8 $d

UNDEFINED SYMBOLS
HAL_GPIO_WritePin
HAL_GPIO_Init
