ARM GAS  C:\Users\ADMINI~1\AppData\Local\Temp\ccWA2v3j.s 			page 1


   1              		.cpu cortex-m3
   2              		.eabi_attribute 20, 1
   3              		.eabi_attribute 21, 1
   4              		.eabi_attribute 23, 3
   5              		.eabi_attribute 24, 1
   6              		.eabi_attribute 25, 1
   7              		.eabi_attribute 26, 1
   8              		.eabi_attribute 30, 1
   9              		.eabi_attribute 34, 1
  10              		.eabi_attribute 18, 4
  11              		.file	"spi.c"
  12              		.text
  13              	.Ltext0:
  14              		.cfi_sections	.debug_frame
  15              		.section	.text.MX_SPI1_Init,"ax",%progbits
  16              		.align	1
  17              		.global	MX_SPI1_Init
  18              		.arch armv7-m
  19              		.syntax unified
  20              		.thumb
  21              		.thumb_func
  22              		.fpu softvfp
  24              	MX_SPI1_Init:
  25              	.LFB65:
  26              		.file 1 "Core/Src/spi.c"
   1:Core/Src/spi.c **** /**
   2:Core/Src/spi.c ****   ******************************************************************************
   3:Core/Src/spi.c ****   * File Name          : SPI.c
   4:Core/Src/spi.c ****   * Description        : This file provides code for the configuration
   5:Core/Src/spi.c ****   *                      of the SPI instances.
   6:Core/Src/spi.c ****   ******************************************************************************
   7:Core/Src/spi.c ****   * @attention
   8:Core/Src/spi.c ****   *
   9:Core/Src/spi.c ****   * <h2><center>&copy; Copyright (c) 2020 STMicroelectronics.
  10:Core/Src/spi.c ****   * All rights reserved.</center></h2>
  11:Core/Src/spi.c ****   *
  12:Core/Src/spi.c ****   * This software component is licensed by ST under BSD 3-Clause license,
  13:Core/Src/spi.c ****   * the "License"; You may not use this file except in compliance with the
  14:Core/Src/spi.c ****   * License. You may obtain a copy of the License at:
  15:Core/Src/spi.c ****   *                        opensource.org/licenses/BSD-3-Clause
  16:Core/Src/spi.c ****   *
  17:Core/Src/spi.c ****   ******************************************************************************
  18:Core/Src/spi.c ****   */
  19:Core/Src/spi.c **** 
  20:Core/Src/spi.c **** /* Includes ------------------------------------------------------------------*/
  21:Core/Src/spi.c **** #include "spi.h"
  22:Core/Src/spi.c **** 
  23:Core/Src/spi.c **** /* USER CODE BEGIN 0 */
  24:Core/Src/spi.c **** 
  25:Core/Src/spi.c **** /* USER CODE END 0 */
  26:Core/Src/spi.c **** 
  27:Core/Src/spi.c **** SPI_HandleTypeDef hspi1;
  28:Core/Src/spi.c **** SPI_HandleTypeDef hspi2;
  29:Core/Src/spi.c **** DMA_HandleTypeDef hdma_spi1_tx;
  30:Core/Src/spi.c **** 
  31:Core/Src/spi.c **** /* SPI1 init function */
  32:Core/Src/spi.c **** void MX_SPI1_Init(void)
ARM GAS  C:\Users\ADMINI~1\AppData\Local\Temp\ccWA2v3j.s 			page 2


  33:Core/Src/spi.c **** {
  27              		.loc 1 33 1 view -0
  28              		.cfi_startproc
  29              		@ args = 0, pretend = 0, frame = 0
  30              		@ frame_needed = 0, uses_anonymous_args = 0
  31 0000 08B5     		push	{r3, lr}
  32              	.LCFI0:
  33              		.cfi_def_cfa_offset 8
  34              		.cfi_offset 3, -8
  35              		.cfi_offset 14, -4
  34:Core/Src/spi.c **** 
  35:Core/Src/spi.c ****   hspi1.Instance = SPI1;
  36              		.loc 1 35 3 view .LVU1
  37              		.loc 1 35 18 is_stmt 0 view .LVU2
  38 0002 0E48     		ldr	r0, .L5
  39 0004 0E4B     		ldr	r3, .L5+4
  40 0006 0360     		str	r3, [r0]
  36:Core/Src/spi.c ****   hspi1.Init.Mode = SPI_MODE_SLAVE;
  41              		.loc 1 36 3 is_stmt 1 view .LVU3
  42              		.loc 1 36 19 is_stmt 0 view .LVU4
  43 0008 0023     		movs	r3, #0
  44 000a 4360     		str	r3, [r0, #4]
  37:Core/Src/spi.c ****   hspi1.Init.Direction = SPI_DIRECTION_2LINES;
  45              		.loc 1 37 3 is_stmt 1 view .LVU5
  46              		.loc 1 37 24 is_stmt 0 view .LVU6
  47 000c 8360     		str	r3, [r0, #8]
  38:Core/Src/spi.c ****   hspi1.Init.DataSize = SPI_DATASIZE_16BIT;
  48              		.loc 1 38 3 is_stmt 1 view .LVU7
  49              		.loc 1 38 23 is_stmt 0 view .LVU8
  50 000e 4FF40062 		mov	r2, #2048
  51 0012 C260     		str	r2, [r0, #12]
  39:Core/Src/spi.c ****   hspi1.Init.CLKPolarity = SPI_POLARITY_LOW;
  52              		.loc 1 39 3 is_stmt 1 view .LVU9
  53              		.loc 1 39 26 is_stmt 0 view .LVU10
  54 0014 0361     		str	r3, [r0, #16]
  40:Core/Src/spi.c ****   hspi1.Init.CLKPhase = SPI_PHASE_1EDGE;
  55              		.loc 1 40 3 is_stmt 1 view .LVU11
  56              		.loc 1 40 23 is_stmt 0 view .LVU12
  57 0016 4361     		str	r3, [r0, #20]
  41:Core/Src/spi.c ****   hspi1.Init.NSS = SPI_NSS_SOFT;
  58              		.loc 1 41 3 is_stmt 1 view .LVU13
  59              		.loc 1 41 18 is_stmt 0 view .LVU14
  60 0018 4FF40072 		mov	r2, #512
  61 001c 8261     		str	r2, [r0, #24]
  42:Core/Src/spi.c ****   hspi1.Init.BaudRatePrescaler = SPI_BAUDRATEPRESCALER_4;
  62              		.loc 1 42 3 is_stmt 1 view .LVU15
  63              		.loc 1 42 32 is_stmt 0 view .LVU16
  64 001e 0822     		movs	r2, #8
  65 0020 C261     		str	r2, [r0, #28]
  43:Core/Src/spi.c ****   hspi1.Init.FirstBit = SPI_FIRSTBIT_MSB;
  66              		.loc 1 43 3 is_stmt 1 view .LVU17
  67              		.loc 1 43 23 is_stmt 0 view .LVU18
  68 0022 0362     		str	r3, [r0, #32]
  44:Core/Src/spi.c ****   hspi1.Init.TIMode = SPI_TIMODE_DISABLE;
  69              		.loc 1 44 3 is_stmt 1 view .LVU19
  70              		.loc 1 44 21 is_stmt 0 view .LVU20
  71 0024 4362     		str	r3, [r0, #36]
ARM GAS  C:\Users\ADMINI~1\AppData\Local\Temp\ccWA2v3j.s 			page 3


  45:Core/Src/spi.c ****   hspi1.Init.CRCCalculation = SPI_CRCCALCULATION_DISABLE;
  72              		.loc 1 45 3 is_stmt 1 view .LVU21
  73              		.loc 1 45 29 is_stmt 0 view .LVU22
  74 0026 8362     		str	r3, [r0, #40]
  46:Core/Src/spi.c ****   hspi1.Init.CRCPolynomial = 10;
  75              		.loc 1 46 3 is_stmt 1 view .LVU23
  76              		.loc 1 46 28 is_stmt 0 view .LVU24
  77 0028 0A23     		movs	r3, #10
  78 002a C362     		str	r3, [r0, #44]
  47:Core/Src/spi.c ****   if (HAL_SPI_Init(&hspi1) != HAL_OK)
  79              		.loc 1 47 3 is_stmt 1 view .LVU25
  80              		.loc 1 47 7 is_stmt 0 view .LVU26
  81 002c FFF7FEFF 		bl	HAL_SPI_Init
  82              	.LVL0:
  83              		.loc 1 47 6 view .LVU27
  84 0030 00B9     		cbnz	r0, .L4
  85              	.L1:
  48:Core/Src/spi.c ****   {
  49:Core/Src/spi.c ****     Error_Handler();
  50:Core/Src/spi.c ****   }
  51:Core/Src/spi.c **** 
  52:Core/Src/spi.c **** }
  86              		.loc 1 52 1 view .LVU28
  87 0032 08BD     		pop	{r3, pc}
  88              	.L4:
  49:Core/Src/spi.c ****   }
  89              		.loc 1 49 5 is_stmt 1 view .LVU29
  90 0034 FFF7FEFF 		bl	Error_Handler
  91              	.LVL1:
  92              		.loc 1 52 1 is_stmt 0 view .LVU30
  93 0038 FBE7     		b	.L1
  94              	.L6:
  95 003a 00BF     		.align	2
  96              	.L5:
  97 003c 00000000 		.word	hspi1
  98 0040 00300140 		.word	1073819648
  99              		.cfi_endproc
 100              	.LFE65:
 102              		.section	.text.MX_SPI2_Init,"ax",%progbits
 103              		.align	1
 104              		.global	MX_SPI2_Init
 105              		.syntax unified
 106              		.thumb
 107              		.thumb_func
 108              		.fpu softvfp
 110              	MX_SPI2_Init:
 111              	.LFB66:
  53:Core/Src/spi.c **** /* SPI2 init function */
  54:Core/Src/spi.c **** void MX_SPI2_Init(void)
  55:Core/Src/spi.c **** {
 112              		.loc 1 55 1 is_stmt 1 view -0
 113              		.cfi_startproc
 114              		@ args = 0, pretend = 0, frame = 0
 115              		@ frame_needed = 0, uses_anonymous_args = 0
 116 0000 08B5     		push	{r3, lr}
 117              	.LCFI1:
 118              		.cfi_def_cfa_offset 8
ARM GAS  C:\Users\ADMINI~1\AppData\Local\Temp\ccWA2v3j.s 			page 4


 119              		.cfi_offset 3, -8
 120              		.cfi_offset 14, -4
  56:Core/Src/spi.c **** 
  57:Core/Src/spi.c ****   hspi2.Instance = SPI2;
 121              		.loc 1 57 3 view .LVU32
 122              		.loc 1 57 18 is_stmt 0 view .LVU33
 123 0002 0D48     		ldr	r0, .L11
 124 0004 0D4B     		ldr	r3, .L11+4
 125 0006 0360     		str	r3, [r0]
  58:Core/Src/spi.c ****   hspi2.Init.Mode = SPI_MODE_MASTER;
 126              		.loc 1 58 3 is_stmt 1 view .LVU34
 127              		.loc 1 58 19 is_stmt 0 view .LVU35
 128 0008 4FF48273 		mov	r3, #260
 129 000c 4360     		str	r3, [r0, #4]
  59:Core/Src/spi.c ****   hspi2.Init.Direction = SPI_DIRECTION_2LINES;
 130              		.loc 1 59 3 is_stmt 1 view .LVU36
 131              		.loc 1 59 24 is_stmt 0 view .LVU37
 132 000e 0023     		movs	r3, #0
 133 0010 8360     		str	r3, [r0, #8]
  60:Core/Src/spi.c ****   hspi2.Init.DataSize = SPI_DATASIZE_8BIT;
 134              		.loc 1 60 3 is_stmt 1 view .LVU38
 135              		.loc 1 60 23 is_stmt 0 view .LVU39
 136 0012 C360     		str	r3, [r0, #12]
  61:Core/Src/spi.c ****   hspi2.Init.CLKPolarity = SPI_POLARITY_LOW;
 137              		.loc 1 61 3 is_stmt 1 view .LVU40
 138              		.loc 1 61 26 is_stmt 0 view .LVU41
 139 0014 0361     		str	r3, [r0, #16]
  62:Core/Src/spi.c ****   hspi2.Init.CLKPhase = SPI_PHASE_1EDGE;
 140              		.loc 1 62 3 is_stmt 1 view .LVU42
 141              		.loc 1 62 23 is_stmt 0 view .LVU43
 142 0016 4361     		str	r3, [r0, #20]
  63:Core/Src/spi.c ****   hspi2.Init.NSS = SPI_NSS_SOFT;
 143              		.loc 1 63 3 is_stmt 1 view .LVU44
 144              		.loc 1 63 18 is_stmt 0 view .LVU45
 145 0018 4FF40072 		mov	r2, #512
 146 001c 8261     		str	r2, [r0, #24]
  64:Core/Src/spi.c ****   hspi2.Init.BaudRatePrescaler = SPI_BAUDRATEPRESCALER_2;
 147              		.loc 1 64 3 is_stmt 1 view .LVU46
 148              		.loc 1 64 32 is_stmt 0 view .LVU47
 149 001e C361     		str	r3, [r0, #28]
  65:Core/Src/spi.c ****   hspi2.Init.FirstBit = SPI_FIRSTBIT_MSB;
 150              		.loc 1 65 3 is_stmt 1 view .LVU48
 151              		.loc 1 65 23 is_stmt 0 view .LVU49
 152 0020 0362     		str	r3, [r0, #32]
  66:Core/Src/spi.c ****   hspi2.Init.TIMode = SPI_TIMODE_DISABLE;
 153              		.loc 1 66 3 is_stmt 1 view .LVU50
 154              		.loc 1 66 21 is_stmt 0 view .LVU51
 155 0022 4362     		str	r3, [r0, #36]
  67:Core/Src/spi.c ****   hspi2.Init.CRCCalculation = SPI_CRCCALCULATION_DISABLE;
 156              		.loc 1 67 3 is_stmt 1 view .LVU52
 157              		.loc 1 67 29 is_stmt 0 view .LVU53
 158 0024 8362     		str	r3, [r0, #40]
  68:Core/Src/spi.c ****   hspi2.Init.CRCPolynomial = 10;
 159              		.loc 1 68 3 is_stmt 1 view .LVU54
 160              		.loc 1 68 28 is_stmt 0 view .LVU55
 161 0026 0A23     		movs	r3, #10
 162 0028 C362     		str	r3, [r0, #44]
ARM GAS  C:\Users\ADMINI~1\AppData\Local\Temp\ccWA2v3j.s 			page 5


  69:Core/Src/spi.c ****   if (HAL_SPI_Init(&hspi2) != HAL_OK)
 163              		.loc 1 69 3 is_stmt 1 view .LVU56
 164              		.loc 1 69 7 is_stmt 0 view .LVU57
 165 002a FFF7FEFF 		bl	HAL_SPI_Init
 166              	.LVL2:
 167              		.loc 1 69 6 view .LVU58
 168 002e 00B9     		cbnz	r0, .L10
 169              	.L7:
  70:Core/Src/spi.c ****   {
  71:Core/Src/spi.c ****     Error_Handler();
  72:Core/Src/spi.c ****   }
  73:Core/Src/spi.c **** 
  74:Core/Src/spi.c **** }
 170              		.loc 1 74 1 view .LVU59
 171 0030 08BD     		pop	{r3, pc}
 172              	.L10:
  71:Core/Src/spi.c ****   }
 173              		.loc 1 71 5 is_stmt 1 view .LVU60
 174 0032 FFF7FEFF 		bl	Error_Handler
 175              	.LVL3:
 176              		.loc 1 74 1 is_stmt 0 view .LVU61
 177 0036 FBE7     		b	.L7
 178              	.L12:
 179              		.align	2
 180              	.L11:
 181 0038 00000000 		.word	hspi2
 182 003c 00380040 		.word	1073756160
 183              		.cfi_endproc
 184              	.LFE66:
 186              		.section	.text.HAL_SPI_MspInit,"ax",%progbits
 187              		.align	1
 188              		.global	HAL_SPI_MspInit
 189              		.syntax unified
 190              		.thumb
 191              		.thumb_func
 192              		.fpu softvfp
 194              	HAL_SPI_MspInit:
 195              	.LVL4:
 196              	.LFB67:
  75:Core/Src/spi.c **** 
  76:Core/Src/spi.c **** void HAL_SPI_MspInit(SPI_HandleTypeDef* spiHandle)
  77:Core/Src/spi.c **** {
 197              		.loc 1 77 1 is_stmt 1 view -0
 198              		.cfi_startproc
 199              		@ args = 0, pretend = 0, frame = 32
 200              		@ frame_needed = 0, uses_anonymous_args = 0
 201              		.loc 1 77 1 is_stmt 0 view .LVU63
 202 0000 70B5     		push	{r4, r5, r6, lr}
 203              	.LCFI2:
 204              		.cfi_def_cfa_offset 16
 205              		.cfi_offset 4, -16
 206              		.cfi_offset 5, -12
 207              		.cfi_offset 6, -8
 208              		.cfi_offset 14, -4
 209 0002 88B0     		sub	sp, sp, #32
 210              	.LCFI3:
 211              		.cfi_def_cfa_offset 48
ARM GAS  C:\Users\ADMINI~1\AppData\Local\Temp\ccWA2v3j.s 			page 6


  78:Core/Src/spi.c **** 
  79:Core/Src/spi.c ****   GPIO_InitTypeDef GPIO_InitStruct = {0};
 212              		.loc 1 79 3 is_stmt 1 view .LVU64
 213              		.loc 1 79 20 is_stmt 0 view .LVU65
 214 0004 0023     		movs	r3, #0
 215 0006 0493     		str	r3, [sp, #16]
 216 0008 0593     		str	r3, [sp, #20]
 217 000a 0693     		str	r3, [sp, #24]
 218 000c 0793     		str	r3, [sp, #28]
  80:Core/Src/spi.c ****   if(spiHandle->Instance==SPI1)
 219              		.loc 1 80 3 is_stmt 1 view .LVU66
 220              		.loc 1 80 15 is_stmt 0 view .LVU67
 221 000e 0368     		ldr	r3, [r0]
 222              		.loc 1 80 5 view .LVU68
 223 0010 394A     		ldr	r2, .L21
 224 0012 9342     		cmp	r3, r2
 225 0014 04D0     		beq	.L18
  81:Core/Src/spi.c ****   {
  82:Core/Src/spi.c ****   /* USER CODE BEGIN SPI1_MspInit 0 */
  83:Core/Src/spi.c **** 
  84:Core/Src/spi.c ****   /* USER CODE END SPI1_MspInit 0 */
  85:Core/Src/spi.c ****     /* SPI1 clock enable */
  86:Core/Src/spi.c ****     __HAL_RCC_SPI1_CLK_ENABLE();
  87:Core/Src/spi.c **** 
  88:Core/Src/spi.c ****     __HAL_RCC_GPIOA_CLK_ENABLE();
  89:Core/Src/spi.c ****     /**SPI1 GPIO Configuration
  90:Core/Src/spi.c ****     PA5     ------> SPI1_SCK
  91:Core/Src/spi.c ****     PA6     ------> SPI1_MISO
  92:Core/Src/spi.c ****     PA7     ------> SPI1_MOSI
  93:Core/Src/spi.c ****     */
  94:Core/Src/spi.c ****     GPIO_InitStruct.Pin = GPIO_PIN_5|GPIO_PIN_7;
  95:Core/Src/spi.c ****     GPIO_InitStruct.Mode = GPIO_MODE_INPUT;
  96:Core/Src/spi.c ****     GPIO_InitStruct.Pull = GPIO_NOPULL;
  97:Core/Src/spi.c ****     HAL_GPIO_Init(GPIOA, &GPIO_InitStruct);
  98:Core/Src/spi.c **** 
  99:Core/Src/spi.c ****     GPIO_InitStruct.Pin = GPIO_PIN_6;
 100:Core/Src/spi.c ****     GPIO_InitStruct.Mode = GPIO_MODE_AF_PP;
 101:Core/Src/spi.c ****     GPIO_InitStruct.Speed = GPIO_SPEED_FREQ_HIGH;
 102:Core/Src/spi.c ****     HAL_GPIO_Init(GPIOA, &GPIO_InitStruct);
 103:Core/Src/spi.c **** 
 104:Core/Src/spi.c ****     /* SPI1 DMA Init */
 105:Core/Src/spi.c ****     /* SPI1_TX Init */
 106:Core/Src/spi.c ****     hdma_spi1_tx.Instance = DMA1_Channel3;
 107:Core/Src/spi.c ****     hdma_spi1_tx.Init.Direction = DMA_MEMORY_TO_PERIPH;
 108:Core/Src/spi.c ****     hdma_spi1_tx.Init.PeriphInc = DMA_PINC_DISABLE;
 109:Core/Src/spi.c ****     hdma_spi1_tx.Init.MemInc = DMA_MINC_ENABLE;
 110:Core/Src/spi.c ****     hdma_spi1_tx.Init.PeriphDataAlignment = DMA_PDATAALIGN_HALFWORD;
 111:Core/Src/spi.c ****     hdma_spi1_tx.Init.MemDataAlignment = DMA_MDATAALIGN_HALFWORD;
 112:Core/Src/spi.c ****     hdma_spi1_tx.Init.Mode = DMA_NORMAL;
 113:Core/Src/spi.c ****     hdma_spi1_tx.Init.Priority = DMA_PRIORITY_LOW;
 114:Core/Src/spi.c ****     if (HAL_DMA_Init(&hdma_spi1_tx) != HAL_OK)
 115:Core/Src/spi.c ****     {
 116:Core/Src/spi.c ****       Error_Handler();
 117:Core/Src/spi.c ****     }
 118:Core/Src/spi.c **** 
 119:Core/Src/spi.c ****     __HAL_LINKDMA(spiHandle,hdmatx,hdma_spi1_tx);
 120:Core/Src/spi.c **** 
ARM GAS  C:\Users\ADMINI~1\AppData\Local\Temp\ccWA2v3j.s 			page 7


 121:Core/Src/spi.c ****   /* USER CODE BEGIN SPI1_MspInit 1 */
 122:Core/Src/spi.c **** 
 123:Core/Src/spi.c ****   /* USER CODE END SPI1_MspInit 1 */
 124:Core/Src/spi.c ****   }
 125:Core/Src/spi.c ****   else if(spiHandle->Instance==SPI2)
 226              		.loc 1 125 8 is_stmt 1 view .LVU69
 227              		.loc 1 125 10 is_stmt 0 view .LVU70
 228 0016 394A     		ldr	r2, .L21+4
 229 0018 9342     		cmp	r3, r2
 230 001a 43D0     		beq	.L19
 231              	.LVL5:
 232              	.L13:
 126:Core/Src/spi.c ****   {
 127:Core/Src/spi.c ****   /* USER CODE BEGIN SPI2_MspInit 0 */
 128:Core/Src/spi.c **** 
 129:Core/Src/spi.c ****   /* USER CODE END SPI2_MspInit 0 */
 130:Core/Src/spi.c ****     /* SPI2 clock enable */
 131:Core/Src/spi.c ****     __HAL_RCC_SPI2_CLK_ENABLE();
 132:Core/Src/spi.c **** 
 133:Core/Src/spi.c ****     __HAL_RCC_GPIOB_CLK_ENABLE();
 134:Core/Src/spi.c ****     /**SPI2 GPIO Configuration
 135:Core/Src/spi.c ****     PB13     ------> SPI2_SCK
 136:Core/Src/spi.c ****     PB14     ------> SPI2_MISO
 137:Core/Src/spi.c ****     PB15     ------> SPI2_MOSI
 138:Core/Src/spi.c ****     */
 139:Core/Src/spi.c ****     GPIO_InitStruct.Pin = GPIO_PIN_13|GPIO_PIN_15;
 140:Core/Src/spi.c ****     GPIO_InitStruct.Mode = GPIO_MODE_AF_PP;
 141:Core/Src/spi.c ****     GPIO_InitStruct.Speed = GPIO_SPEED_FREQ_HIGH;
 142:Core/Src/spi.c ****     HAL_GPIO_Init(GPIOB, &GPIO_InitStruct);
 143:Core/Src/spi.c **** 
 144:Core/Src/spi.c ****     GPIO_InitStruct.Pin = GPIO_PIN_14;
 145:Core/Src/spi.c ****     GPIO_InitStruct.Mode = GPIO_MODE_INPUT;
 146:Core/Src/spi.c ****     GPIO_InitStruct.Pull = GPIO_NOPULL;
 147:Core/Src/spi.c ****     HAL_GPIO_Init(GPIOB, &GPIO_InitStruct);
 148:Core/Src/spi.c **** 
 149:Core/Src/spi.c ****   /* USER CODE BEGIN SPI2_MspInit 1 */
 150:Core/Src/spi.c **** 
 151:Core/Src/spi.c ****   /* USER CODE END SPI2_MspInit 1 */
 152:Core/Src/spi.c ****   }
 153:Core/Src/spi.c **** }
 233              		.loc 1 153 1 view .LVU71
 234 001c 08B0     		add	sp, sp, #32
 235              	.LCFI4:
 236              		.cfi_remember_state
 237              		.cfi_def_cfa_offset 16
 238              		@ sp needed
 239 001e 70BD     		pop	{r4, r5, r6, pc}
 240              	.LVL6:
 241              	.L18:
 242              	.LCFI5:
 243              		.cfi_restore_state
 244              		.loc 1 153 1 view .LVU72
 245 0020 0446     		mov	r4, r0
  86:Core/Src/spi.c **** 
 246              		.loc 1 86 5 is_stmt 1 view .LVU73
 247              	.LBB2:
  86:Core/Src/spi.c **** 
ARM GAS  C:\Users\ADMINI~1\AppData\Local\Temp\ccWA2v3j.s 			page 8


 248              		.loc 1 86 5 view .LVU74
  86:Core/Src/spi.c **** 
 249              		.loc 1 86 5 view .LVU75
 250 0022 374B     		ldr	r3, .L21+8
 251 0024 9A69     		ldr	r2, [r3, #24]
 252 0026 42F48052 		orr	r2, r2, #4096
 253 002a 9A61     		str	r2, [r3, #24]
  86:Core/Src/spi.c **** 
 254              		.loc 1 86 5 view .LVU76
 255 002c 9A69     		ldr	r2, [r3, #24]
 256 002e 02F48052 		and	r2, r2, #4096
 257 0032 0092     		str	r2, [sp]
  86:Core/Src/spi.c **** 
 258              		.loc 1 86 5 view .LVU77
 259 0034 009A     		ldr	r2, [sp]
 260              	.LBE2:
  86:Core/Src/spi.c **** 
 261              		.loc 1 86 5 view .LVU78
  88:Core/Src/spi.c ****     /**SPI1 GPIO Configuration
 262              		.loc 1 88 5 view .LVU79
 263              	.LBB3:
  88:Core/Src/spi.c ****     /**SPI1 GPIO Configuration
 264              		.loc 1 88 5 view .LVU80
  88:Core/Src/spi.c ****     /**SPI1 GPIO Configuration
 265              		.loc 1 88 5 view .LVU81
 266 0036 9A69     		ldr	r2, [r3, #24]
 267 0038 42F00402 		orr	r2, r2, #4
 268 003c 9A61     		str	r2, [r3, #24]
  88:Core/Src/spi.c ****     /**SPI1 GPIO Configuration
 269              		.loc 1 88 5 view .LVU82
 270 003e 9B69     		ldr	r3, [r3, #24]
 271 0040 03F00403 		and	r3, r3, #4
 272 0044 0193     		str	r3, [sp, #4]
  88:Core/Src/spi.c ****     /**SPI1 GPIO Configuration
 273              		.loc 1 88 5 view .LVU83
 274 0046 019B     		ldr	r3, [sp, #4]
 275              	.LBE3:
  88:Core/Src/spi.c ****     /**SPI1 GPIO Configuration
 276              		.loc 1 88 5 view .LVU84
  94:Core/Src/spi.c ****     GPIO_InitStruct.Mode = GPIO_MODE_INPUT;
 277              		.loc 1 94 5 view .LVU85
  94:Core/Src/spi.c ****     GPIO_InitStruct.Mode = GPIO_MODE_INPUT;
 278              		.loc 1 94 25 is_stmt 0 view .LVU86
 279 0048 A023     		movs	r3, #160
 280 004a 0493     		str	r3, [sp, #16]
  95:Core/Src/spi.c ****     GPIO_InitStruct.Pull = GPIO_NOPULL;
 281              		.loc 1 95 5 is_stmt 1 view .LVU87
  95:Core/Src/spi.c ****     GPIO_InitStruct.Pull = GPIO_NOPULL;
 282              		.loc 1 95 26 is_stmt 0 view .LVU88
 283 004c 0025     		movs	r5, #0
 284 004e 0595     		str	r5, [sp, #20]
  96:Core/Src/spi.c ****     HAL_GPIO_Init(GPIOA, &GPIO_InitStruct);
 285              		.loc 1 96 5 is_stmt 1 view .LVU89
  96:Core/Src/spi.c ****     HAL_GPIO_Init(GPIOA, &GPIO_InitStruct);
 286              		.loc 1 96 26 is_stmt 0 view .LVU90
 287 0050 0695     		str	r5, [sp, #24]
  97:Core/Src/spi.c **** 
ARM GAS  C:\Users\ADMINI~1\AppData\Local\Temp\ccWA2v3j.s 			page 9


 288              		.loc 1 97 5 is_stmt 1 view .LVU91
 289 0052 2C4E     		ldr	r6, .L21+12
 290 0054 04A9     		add	r1, sp, #16
 291 0056 3046     		mov	r0, r6
 292              	.LVL7:
  97:Core/Src/spi.c **** 
 293              		.loc 1 97 5 is_stmt 0 view .LVU92
 294 0058 FFF7FEFF 		bl	HAL_GPIO_Init
 295              	.LVL8:
  99:Core/Src/spi.c ****     GPIO_InitStruct.Mode = GPIO_MODE_AF_PP;
 296              		.loc 1 99 5 is_stmt 1 view .LVU93
  99:Core/Src/spi.c ****     GPIO_InitStruct.Mode = GPIO_MODE_AF_PP;
 297              		.loc 1 99 25 is_stmt 0 view .LVU94
 298 005c 4023     		movs	r3, #64
 299 005e 0493     		str	r3, [sp, #16]
 100:Core/Src/spi.c ****     GPIO_InitStruct.Speed = GPIO_SPEED_FREQ_HIGH;
 300              		.loc 1 100 5 is_stmt 1 view .LVU95
 100:Core/Src/spi.c ****     GPIO_InitStruct.Speed = GPIO_SPEED_FREQ_HIGH;
 301              		.loc 1 100 26 is_stmt 0 view .LVU96
 302 0060 0223     		movs	r3, #2
 303 0062 0593     		str	r3, [sp, #20]
 101:Core/Src/spi.c ****     HAL_GPIO_Init(GPIOA, &GPIO_InitStruct);
 304              		.loc 1 101 5 is_stmt 1 view .LVU97
 101:Core/Src/spi.c ****     HAL_GPIO_Init(GPIOA, &GPIO_InitStruct);
 305              		.loc 1 101 27 is_stmt 0 view .LVU98
 306 0064 0323     		movs	r3, #3
 307 0066 0793     		str	r3, [sp, #28]
 102:Core/Src/spi.c **** 
 308              		.loc 1 102 5 is_stmt 1 view .LVU99
 309 0068 04A9     		add	r1, sp, #16
 310 006a 3046     		mov	r0, r6
 311 006c FFF7FEFF 		bl	HAL_GPIO_Init
 312              	.LVL9:
 106:Core/Src/spi.c ****     hdma_spi1_tx.Init.Direction = DMA_MEMORY_TO_PERIPH;
 313              		.loc 1 106 5 view .LVU100
 106:Core/Src/spi.c ****     hdma_spi1_tx.Init.Direction = DMA_MEMORY_TO_PERIPH;
 314              		.loc 1 106 27 is_stmt 0 view .LVU101
 315 0070 2548     		ldr	r0, .L21+16
 316 0072 264B     		ldr	r3, .L21+20
 317 0074 0360     		str	r3, [r0]
 107:Core/Src/spi.c ****     hdma_spi1_tx.Init.PeriphInc = DMA_PINC_DISABLE;
 318              		.loc 1 107 5 is_stmt 1 view .LVU102
 107:Core/Src/spi.c ****     hdma_spi1_tx.Init.PeriphInc = DMA_PINC_DISABLE;
 319              		.loc 1 107 33 is_stmt 0 view .LVU103
 320 0076 1023     		movs	r3, #16
 321 0078 4360     		str	r3, [r0, #4]
 108:Core/Src/spi.c ****     hdma_spi1_tx.Init.MemInc = DMA_MINC_ENABLE;
 322              		.loc 1 108 5 is_stmt 1 view .LVU104
 108:Core/Src/spi.c ****     hdma_spi1_tx.Init.MemInc = DMA_MINC_ENABLE;
 323              		.loc 1 108 33 is_stmt 0 view .LVU105
 324 007a 8560     		str	r5, [r0, #8]
 109:Core/Src/spi.c ****     hdma_spi1_tx.Init.PeriphDataAlignment = DMA_PDATAALIGN_HALFWORD;
 325              		.loc 1 109 5 is_stmt 1 view .LVU106
 109:Core/Src/spi.c ****     hdma_spi1_tx.Init.PeriphDataAlignment = DMA_PDATAALIGN_HALFWORD;
 326              		.loc 1 109 30 is_stmt 0 view .LVU107
 327 007c 8023     		movs	r3, #128
 328 007e C360     		str	r3, [r0, #12]
ARM GAS  C:\Users\ADMINI~1\AppData\Local\Temp\ccWA2v3j.s 			page 10


 110:Core/Src/spi.c ****     hdma_spi1_tx.Init.MemDataAlignment = DMA_MDATAALIGN_HALFWORD;
 329              		.loc 1 110 5 is_stmt 1 view .LVU108
 110:Core/Src/spi.c ****     hdma_spi1_tx.Init.MemDataAlignment = DMA_MDATAALIGN_HALFWORD;
 330              		.loc 1 110 43 is_stmt 0 view .LVU109
 331 0080 4FF48073 		mov	r3, #256
 332 0084 0361     		str	r3, [r0, #16]
 111:Core/Src/spi.c ****     hdma_spi1_tx.Init.Mode = DMA_NORMAL;
 333              		.loc 1 111 5 is_stmt 1 view .LVU110
 111:Core/Src/spi.c ****     hdma_spi1_tx.Init.Mode = DMA_NORMAL;
 334              		.loc 1 111 40 is_stmt 0 view .LVU111
 335 0086 4FF48063 		mov	r3, #1024
 336 008a 4361     		str	r3, [r0, #20]
 112:Core/Src/spi.c ****     hdma_spi1_tx.Init.Priority = DMA_PRIORITY_LOW;
 337              		.loc 1 112 5 is_stmt 1 view .LVU112
 112:Core/Src/spi.c ****     hdma_spi1_tx.Init.Priority = DMA_PRIORITY_LOW;
 338              		.loc 1 112 28 is_stmt 0 view .LVU113
 339 008c 8561     		str	r5, [r0, #24]
 113:Core/Src/spi.c ****     if (HAL_DMA_Init(&hdma_spi1_tx) != HAL_OK)
 340              		.loc 1 113 5 is_stmt 1 view .LVU114
 113:Core/Src/spi.c ****     if (HAL_DMA_Init(&hdma_spi1_tx) != HAL_OK)
 341              		.loc 1 113 32 is_stmt 0 view .LVU115
 342 008e C561     		str	r5, [r0, #28]
 114:Core/Src/spi.c ****     {
 343              		.loc 1 114 5 is_stmt 1 view .LVU116
 114:Core/Src/spi.c ****     {
 344              		.loc 1 114 9 is_stmt 0 view .LVU117
 345 0090 FFF7FEFF 		bl	HAL_DMA_Init
 346              	.LVL10:
 114:Core/Src/spi.c ****     {
 347              		.loc 1 114 8 view .LVU118
 348 0094 18B9     		cbnz	r0, .L20
 349              	.L15:
 119:Core/Src/spi.c **** 
 350              		.loc 1 119 5 is_stmt 1 view .LVU119
 119:Core/Src/spi.c **** 
 351              		.loc 1 119 5 view .LVU120
 352 0096 1C4B     		ldr	r3, .L21+16
 353 0098 A364     		str	r3, [r4, #72]
 119:Core/Src/spi.c **** 
 354              		.loc 1 119 5 view .LVU121
 355 009a 5C62     		str	r4, [r3, #36]
 119:Core/Src/spi.c **** 
 356              		.loc 1 119 5 view .LVU122
 357 009c BEE7     		b	.L13
 358              	.L20:
 116:Core/Src/spi.c ****     }
 359              		.loc 1 116 7 view .LVU123
 360 009e FFF7FEFF 		bl	Error_Handler
 361              	.LVL11:
 362 00a2 F8E7     		b	.L15
 363              	.LVL12:
 364              	.L19:
 131:Core/Src/spi.c **** 
 365              		.loc 1 131 5 view .LVU124
 366              	.LBB4:
 131:Core/Src/spi.c **** 
 367              		.loc 1 131 5 view .LVU125
ARM GAS  C:\Users\ADMINI~1\AppData\Local\Temp\ccWA2v3j.s 			page 11


 131:Core/Src/spi.c **** 
 368              		.loc 1 131 5 view .LVU126
 369 00a4 164B     		ldr	r3, .L21+8
 370 00a6 DA69     		ldr	r2, [r3, #28]
 371 00a8 42F48042 		orr	r2, r2, #16384
 372 00ac DA61     		str	r2, [r3, #28]
 131:Core/Src/spi.c **** 
 373              		.loc 1 131 5 view .LVU127
 374 00ae DA69     		ldr	r2, [r3, #28]
 375 00b0 02F48042 		and	r2, r2, #16384
 376 00b4 0292     		str	r2, [sp, #8]
 131:Core/Src/spi.c **** 
 377              		.loc 1 131 5 view .LVU128
 378 00b6 029A     		ldr	r2, [sp, #8]
 379              	.LBE4:
 131:Core/Src/spi.c **** 
 380              		.loc 1 131 5 view .LVU129
 133:Core/Src/spi.c ****     /**SPI2 GPIO Configuration
 381              		.loc 1 133 5 view .LVU130
 382              	.LBB5:
 133:Core/Src/spi.c ****     /**SPI2 GPIO Configuration
 383              		.loc 1 133 5 view .LVU131
 133:Core/Src/spi.c ****     /**SPI2 GPIO Configuration
 384              		.loc 1 133 5 view .LVU132
 385 00b8 9A69     		ldr	r2, [r3, #24]
 386 00ba 42F00802 		orr	r2, r2, #8
 387 00be 9A61     		str	r2, [r3, #24]
 133:Core/Src/spi.c ****     /**SPI2 GPIO Configuration
 388              		.loc 1 133 5 view .LVU133
 389 00c0 9B69     		ldr	r3, [r3, #24]
 390 00c2 03F00803 		and	r3, r3, #8
 391 00c6 0393     		str	r3, [sp, #12]
 133:Core/Src/spi.c ****     /**SPI2 GPIO Configuration
 392              		.loc 1 133 5 view .LVU134
 393 00c8 039B     		ldr	r3, [sp, #12]
 394              	.LBE5:
 133:Core/Src/spi.c ****     /**SPI2 GPIO Configuration
 395              		.loc 1 133 5 view .LVU135
 139:Core/Src/spi.c ****     GPIO_InitStruct.Mode = GPIO_MODE_AF_PP;
 396              		.loc 1 139 5 view .LVU136
 139:Core/Src/spi.c ****     GPIO_InitStruct.Mode = GPIO_MODE_AF_PP;
 397              		.loc 1 139 25 is_stmt 0 view .LVU137
 398 00ca 4FF42043 		mov	r3, #40960
 399 00ce 0493     		str	r3, [sp, #16]
 140:Core/Src/spi.c ****     GPIO_InitStruct.Speed = GPIO_SPEED_FREQ_HIGH;
 400              		.loc 1 140 5 is_stmt 1 view .LVU138
 140:Core/Src/spi.c ****     GPIO_InitStruct.Speed = GPIO_SPEED_FREQ_HIGH;
 401              		.loc 1 140 26 is_stmt 0 view .LVU139
 402 00d0 0223     		movs	r3, #2
 403 00d2 0593     		str	r3, [sp, #20]
 141:Core/Src/spi.c ****     HAL_GPIO_Init(GPIOB, &GPIO_InitStruct);
 404              		.loc 1 141 5 is_stmt 1 view .LVU140
 141:Core/Src/spi.c ****     HAL_GPIO_Init(GPIOB, &GPIO_InitStruct);
 405              		.loc 1 141 27 is_stmt 0 view .LVU141
 406 00d4 0323     		movs	r3, #3
 407 00d6 0793     		str	r3, [sp, #28]
 142:Core/Src/spi.c **** 
ARM GAS  C:\Users\ADMINI~1\AppData\Local\Temp\ccWA2v3j.s 			page 12


 408              		.loc 1 142 5 is_stmt 1 view .LVU142
 409 00d8 0D4C     		ldr	r4, .L21+24
 410 00da 04A9     		add	r1, sp, #16
 411 00dc 2046     		mov	r0, r4
 412              	.LVL13:
 142:Core/Src/spi.c **** 
 413              		.loc 1 142 5 is_stmt 0 view .LVU143
 414 00de FFF7FEFF 		bl	HAL_GPIO_Init
 415              	.LVL14:
 144:Core/Src/spi.c ****     GPIO_InitStruct.Mode = GPIO_MODE_INPUT;
 416              		.loc 1 144 5 is_stmt 1 view .LVU144
 144:Core/Src/spi.c ****     GPIO_InitStruct.Mode = GPIO_MODE_INPUT;
 417              		.loc 1 144 25 is_stmt 0 view .LVU145
 418 00e2 4FF48043 		mov	r3, #16384
 419 00e6 0493     		str	r3, [sp, #16]
 145:Core/Src/spi.c ****     GPIO_InitStruct.Pull = GPIO_NOPULL;
 420              		.loc 1 145 5 is_stmt 1 view .LVU146
 145:Core/Src/spi.c ****     GPIO_InitStruct.Pull = GPIO_NOPULL;
 421              		.loc 1 145 26 is_stmt 0 view .LVU147
 422 00e8 0023     		movs	r3, #0
 423 00ea 0593     		str	r3, [sp, #20]
 146:Core/Src/spi.c ****     HAL_GPIO_Init(GPIOB, &GPIO_InitStruct);
 424              		.loc 1 146 5 is_stmt 1 view .LVU148
 146:Core/Src/spi.c ****     HAL_GPIO_Init(GPIOB, &GPIO_InitStruct);
 425              		.loc 1 146 26 is_stmt 0 view .LVU149
 426 00ec 0693     		str	r3, [sp, #24]
 147:Core/Src/spi.c **** 
 427              		.loc 1 147 5 is_stmt 1 view .LVU150
 428 00ee 04A9     		add	r1, sp, #16
 429 00f0 2046     		mov	r0, r4
 430 00f2 FFF7FEFF 		bl	HAL_GPIO_Init
 431              	.LVL15:
 432              		.loc 1 153 1 is_stmt 0 view .LVU151
 433 00f6 91E7     		b	.L13
 434              	.L22:
 435              		.align	2
 436              	.L21:
 437 00f8 00300140 		.word	1073819648
 438 00fc 00380040 		.word	1073756160
 439 0100 00100240 		.word	1073876992
 440 0104 00080140 		.word	1073809408
 441 0108 00000000 		.word	hdma_spi1_tx
 442 010c 30000240 		.word	1073872944
 443 0110 000C0140 		.word	1073810432
 444              		.cfi_endproc
 445              	.LFE67:
 447              		.section	.text.HAL_SPI_MspDeInit,"ax",%progbits
 448              		.align	1
 449              		.global	HAL_SPI_MspDeInit
 450              		.syntax unified
 451              		.thumb
 452              		.thumb_func
 453              		.fpu softvfp
 455              	HAL_SPI_MspDeInit:
 456              	.LVL16:
 457              	.LFB68:
 154:Core/Src/spi.c **** 
ARM GAS  C:\Users\ADMINI~1\AppData\Local\Temp\ccWA2v3j.s 			page 13


 155:Core/Src/spi.c **** void HAL_SPI_MspDeInit(SPI_HandleTypeDef* spiHandle)
 156:Core/Src/spi.c **** {
 458              		.loc 1 156 1 is_stmt 1 view -0
 459              		.cfi_startproc
 460              		@ args = 0, pretend = 0, frame = 0
 461              		@ frame_needed = 0, uses_anonymous_args = 0
 462              		.loc 1 156 1 is_stmt 0 view .LVU153
 463 0000 10B5     		push	{r4, lr}
 464              	.LCFI6:
 465              		.cfi_def_cfa_offset 8
 466              		.cfi_offset 4, -8
 467              		.cfi_offset 14, -4
 157:Core/Src/spi.c **** 
 158:Core/Src/spi.c ****   if(spiHandle->Instance==SPI1)
 468              		.loc 1 158 3 is_stmt 1 view .LVU154
 469              		.loc 1 158 15 is_stmt 0 view .LVU155
 470 0002 0368     		ldr	r3, [r0]
 471              		.loc 1 158 5 view .LVU156
 472 0004 104A     		ldr	r2, .L29
 473 0006 9342     		cmp	r3, r2
 474 0008 03D0     		beq	.L27
 159:Core/Src/spi.c ****   {
 160:Core/Src/spi.c ****   /* USER CODE BEGIN SPI1_MspDeInit 0 */
 161:Core/Src/spi.c **** 
 162:Core/Src/spi.c ****   /* USER CODE END SPI1_MspDeInit 0 */
 163:Core/Src/spi.c ****     /* Peripheral clock disable */
 164:Core/Src/spi.c ****     __HAL_RCC_SPI1_CLK_DISABLE();
 165:Core/Src/spi.c **** 
 166:Core/Src/spi.c ****     /**SPI1 GPIO Configuration
 167:Core/Src/spi.c ****     PA5     ------> SPI1_SCK
 168:Core/Src/spi.c ****     PA6     ------> SPI1_MISO
 169:Core/Src/spi.c ****     PA7     ------> SPI1_MOSI
 170:Core/Src/spi.c ****     */
 171:Core/Src/spi.c ****     HAL_GPIO_DeInit(GPIOA, GPIO_PIN_5|GPIO_PIN_6|GPIO_PIN_7);
 172:Core/Src/spi.c **** 
 173:Core/Src/spi.c ****     /* SPI1 DMA DeInit */
 174:Core/Src/spi.c ****     HAL_DMA_DeInit(spiHandle->hdmatx);
 175:Core/Src/spi.c ****   /* USER CODE BEGIN SPI1_MspDeInit 1 */
 176:Core/Src/spi.c **** 
 177:Core/Src/spi.c ****   /* USER CODE END SPI1_MspDeInit 1 */
 178:Core/Src/spi.c ****   }
 179:Core/Src/spi.c ****   else if(spiHandle->Instance==SPI2)
 475              		.loc 1 179 8 is_stmt 1 view .LVU157
 476              		.loc 1 179 10 is_stmt 0 view .LVU158
 477 000a 104A     		ldr	r2, .L29+4
 478 000c 9342     		cmp	r3, r2
 479 000e 0FD0     		beq	.L28
 480              	.LVL17:
 481              	.L23:
 180:Core/Src/spi.c ****   {
 181:Core/Src/spi.c ****   /* USER CODE BEGIN SPI2_MspDeInit 0 */
 182:Core/Src/spi.c **** 
 183:Core/Src/spi.c ****   /* USER CODE END SPI2_MspDeInit 0 */
 184:Core/Src/spi.c ****     /* Peripheral clock disable */
 185:Core/Src/spi.c ****     __HAL_RCC_SPI2_CLK_DISABLE();
 186:Core/Src/spi.c **** 
 187:Core/Src/spi.c ****     /**SPI2 GPIO Configuration
ARM GAS  C:\Users\ADMINI~1\AppData\Local\Temp\ccWA2v3j.s 			page 14


 188:Core/Src/spi.c ****     PB13     ------> SPI2_SCK
 189:Core/Src/spi.c ****     PB14     ------> SPI2_MISO
 190:Core/Src/spi.c ****     PB15     ------> SPI2_MOSI
 191:Core/Src/spi.c ****     */
 192:Core/Src/spi.c ****     HAL_GPIO_DeInit(GPIOB, GPIO_PIN_13|GPIO_PIN_14|GPIO_PIN_15);
 193:Core/Src/spi.c **** 
 194:Core/Src/spi.c ****   /* USER CODE BEGIN SPI2_MspDeInit 1 */
 195:Core/Src/spi.c **** 
 196:Core/Src/spi.c ****   /* USER CODE END SPI2_MspDeInit 1 */
 197:Core/Src/spi.c ****   }
 198:Core/Src/spi.c **** }
 482              		.loc 1 198 1 view .LVU159
 483 0010 10BD     		pop	{r4, pc}
 484              	.LVL18:
 485              	.L27:
 486              		.loc 1 198 1 view .LVU160
 487 0012 0446     		mov	r4, r0
 164:Core/Src/spi.c **** 
 488              		.loc 1 164 5 is_stmt 1 view .LVU161
 489 0014 02F56042 		add	r2, r2, #57344
 490 0018 9369     		ldr	r3, [r2, #24]
 491 001a 23F48053 		bic	r3, r3, #4096
 492 001e 9361     		str	r3, [r2, #24]
 171:Core/Src/spi.c **** 
 493              		.loc 1 171 5 view .LVU162
 494 0020 E021     		movs	r1, #224
 495 0022 0B48     		ldr	r0, .L29+8
 496              	.LVL19:
 171:Core/Src/spi.c **** 
 497              		.loc 1 171 5 is_stmt 0 view .LVU163
 498 0024 FFF7FEFF 		bl	HAL_GPIO_DeInit
 499              	.LVL20:
 174:Core/Src/spi.c ****   /* USER CODE BEGIN SPI1_MspDeInit 1 */
 500              		.loc 1 174 5 is_stmt 1 view .LVU164
 501 0028 A06C     		ldr	r0, [r4, #72]
 502 002a FFF7FEFF 		bl	HAL_DMA_DeInit
 503              	.LVL21:
 504 002e EFE7     		b	.L23
 505              	.LVL22:
 506              	.L28:
 185:Core/Src/spi.c **** 
 507              		.loc 1 185 5 view .LVU165
 508 0030 02F5EC32 		add	r2, r2, #120832
 509 0034 D369     		ldr	r3, [r2, #28]
 510 0036 23F48043 		bic	r3, r3, #16384
 511 003a D361     		str	r3, [r2, #28]
 192:Core/Src/spi.c **** 
 512              		.loc 1 192 5 view .LVU166
 513 003c 4FF46041 		mov	r1, #57344
 514 0040 0448     		ldr	r0, .L29+12
 515              	.LVL23:
 192:Core/Src/spi.c **** 
 516              		.loc 1 192 5 is_stmt 0 view .LVU167
 517 0042 FFF7FEFF 		bl	HAL_GPIO_DeInit
 518              	.LVL24:
 519              		.loc 1 198 1 view .LVU168
 520 0046 E3E7     		b	.L23
ARM GAS  C:\Users\ADMINI~1\AppData\Local\Temp\ccWA2v3j.s 			page 15


 521              	.L30:
 522              		.align	2
 523              	.L29:
 524 0048 00300140 		.word	1073819648
 525 004c 00380040 		.word	1073756160
 526 0050 00080140 		.word	1073809408
 527 0054 000C0140 		.word	1073810432
 528              		.cfi_endproc
 529              	.LFE68:
 531              		.comm	hdma_spi1_tx,68,4
 532              		.comm	hspi2,88,4
 533              		.comm	hspi1,88,4
 534              		.text
 535              	.Letext0:
 536              		.file 2 "c:\\users\\administrator\\.vscode\\extensions\\buzzyelectronics.stm-helper-1.2.9\\armgcc\
 537              		.file 3 "c:\\users\\administrator\\.vscode\\extensions\\buzzyelectronics.stm-helper-1.2.9\\armgcc\
 538              		.file 4 "Drivers/CMSIS/Include/core_cm3.h"
 539              		.file 5 "Drivers/CMSIS/Device/ST/STM32F1xx/Include/system_stm32f1xx.h"
 540              		.file 6 "Drivers/CMSIS/Device/ST/STM32F1xx/Include/stm32f103xe.h"
 541              		.file 7 "Drivers/STM32F1xx_HAL_Driver/Inc/stm32f1xx_hal_def.h"
 542              		.file 8 "Drivers/STM32F1xx_HAL_Driver/Inc/stm32f1xx_hal_gpio.h"
 543              		.file 9 "Drivers/STM32F1xx_HAL_Driver/Inc/stm32f1xx_hal_dma.h"
 544              		.file 10 "Drivers/STM32F1xx_HAL_Driver/Inc/stm32f1xx_hal_spi.h"
 545              		.file 11 "Drivers/STM32F1xx_HAL_Driver/Inc/stm32f1xx_hal.h"
 546              		.file 12 "Core/Inc/spi.h"
 547              		.file 13 "Core/Inc/main.h"
ARM GAS  C:\Users\ADMINI~1\AppData\Local\Temp\ccWA2v3j.s 			page 16


DEFINED SYMBOLS
                            *ABS*:0000000000000000 spi.c
C:\Users\ADMINI~1\AppData\Local\Temp\ccWA2v3j.s:16     .text.MX_SPI1_Init:0000000000000000 $t
C:\Users\ADMINI~1\AppData\Local\Temp\ccWA2v3j.s:24     .text.MX_SPI1_Init:0000000000000000 MX_SPI1_Init
C:\Users\ADMINI~1\AppData\Local\Temp\ccWA2v3j.s:97     .text.MX_SPI1_Init:000000000000003c $d
                            *COM*:0000000000000058 hspi1
C:\Users\ADMINI~1\AppData\Local\Temp\ccWA2v3j.s:103    .text.MX_SPI2_Init:0000000000000000 $t
C:\Users\ADMINI~1\AppData\Local\Temp\ccWA2v3j.s:110    .text.MX_SPI2_Init:0000000000000000 MX_SPI2_Init
C:\Users\ADMINI~1\AppData\Local\Temp\ccWA2v3j.s:181    .text.MX_SPI2_Init:0000000000000038 $d
                            *COM*:0000000000000058 hspi2
C:\Users\ADMINI~1\AppData\Local\Temp\ccWA2v3j.s:187    .text.HAL_SPI_MspInit:0000000000000000 $t
C:\Users\ADMINI~1\AppData\Local\Temp\ccWA2v3j.s:194    .text.HAL_SPI_MspInit:0000000000000000 HAL_SPI_MspInit
C:\Users\ADMINI~1\AppData\Local\Temp\ccWA2v3j.s:437    .text.HAL_SPI_MspInit:00000000000000f8 $d
                            *COM*:0000000000000044 hdma_spi1_tx
C:\Users\ADMINI~1\AppData\Local\Temp\ccWA2v3j.s:448    .text.HAL_SPI_MspDeInit:0000000000000000 $t
C:\Users\ADMINI~1\AppData\Local\Temp\ccWA2v3j.s:455    .text.HAL_SPI_MspDeInit:0000000000000000 HAL_SPI_MspDeInit
C:\Users\ADMINI~1\AppData\Local\Temp\ccWA2v3j.s:524    .text.HAL_SPI_MspDeInit:0000000000000048 $d

UNDEFINED SYMBOLS
HAL_SPI_Init
Error_Handler
HAL_GPIO_Init
HAL_DMA_Init
HAL_GPIO_DeInit
HAL_DMA_DeInit
